<?xml version="1.0" encoding="UTF-8"?>
<!-- Generated by org.testng.reporters.JUnitReportReporter -->
<testsuite hostname="DESKTOP-7QQRPB6" failures="0" tests="1" name="Org.testNG.Sample" time="0.010" errors="0" timestamp="20 Aug 2021 16:53:55 GMT" skipped="0">
  <testcase classname="Org.testNG.Sample" name="test" time="0.010"/>
</testsuite> <!-- Org.testNG.Sample -->
