<?xml version="1.0" encoding="UTF-8"?>
<!-- Generated by org.testng.reporters.JUnitReportReporter -->
<testsuite hostname="DESKTOP-7QQRPB6" failures="0" tests="14" name="Org.testNG.Priority" time="0.062" errors="0" timestamp="20 Aug 2021 16:50:39 GMT" skipped="0">
  <testcase classname="Org.testNG.Priority" name="username" time="0.007"/>
  <testcase classname="Org.testNG.Priority" name="lastname" time="0.003"/>
  <testcase classname="Org.testNG.Priority" name="btnlogin" time="0.004"/>
  <testcase classname="Org.testNG.Priority" name="btnlogin" time="0.004"/>
  <testcase classname="Org.testNG.Priority" name="btnlogin" time="0.012"/>
  <testcase classname="Org.testNG.Priority" name="btnlogin" time="0.003"/>
  <testcase classname="Org.testNG.Priority" name="btnlogin" time="0.008"/>
  <testcase classname="Org.testNG.Priority" name="btnlogin" time="0.003"/>
  <testcase classname="Org.testNG.Priority" name="firstname" time="0.003"/>
  <testcase classname="Org.testNG.Priority" name="btnlogin" time="0.003"/>
  <testcase classname="Org.testNG.Priority" name="btnlogin" time="0.003"/>
  <testcase classname="Org.testNG.Priority" name="btnlogin" time="0.006"/>
  <testcase classname="Org.testNG.Priority" name="btnlogin" time="0.002"/>
  <testcase classname="Org.testNG.Priority" name="password" time="0.001"/>
</testsuite> <!-- Org.testNG.Priority -->
