<?xml version="1.0" encoding="UTF-8"?>
<!-- Generated by org.testng.reporters.JUnitReportReporter -->
<testsuite hostname="DESKTOP-7QQRPB6" failures="0" tests="2" name="Org.testNG.CreatingXml" time="40.519" errors="0" timestamp="07 Oct 2021 17:01:35 GMT" skipped="0">
  <testcase classname="Org.testNG.CreatingXml" name="method1" time="21.803"/>
  <testcase classname="Org.testNG.CreatingXml" name="beforeclass" time="18.716"/>
</testsuite> <!-- Org.testNG.CreatingXml -->
